<?xml version="1.0" encoding="UTF-8"?>
<!-- Generated by org.testng.reporters.JUnitReportReporter -->
<testsuite hostname="DESKTOP-I37GHOU" failures="0" tests="1" name="co.edurekha.pages.JenkinsSelenium" time="15.431" errors="0" timestamp="2021-05-13T01:41:40 GMT-07:00" skipped="0">
  <testcase classname="co.edurekha.pages.JenkinsSelenium" name="intilialize" time="15.431"/>
  <system-out/>
</testsuite> <!-- co.edurekha.pages.JenkinsSelenium -->
